ckmb52fldxkseven3fkjgcbzmnr7
ckmb52fldxk73fkjgcbzmnr7
gckhqpb6twoqnjxqplthree2fourkspnsnzxlz1
gckhqpb62qnjxqpl324kspnsnzxlz1
2onetwocrgbqm7
212crgbqm7
frkh2nineqmqxrvdsevenfive
frkh29qmqxrvd75
four9two
492
six7sixqrdfive3twonehsk
676qrd532nehsk
xkvsone2
xkvs12
one65
165
rggxsff1seven
rggxsff17
djbcgrrtqdshpqqzj43rgcr
djbcgrrtqdshpqqzj43rgcr
br89fivetwoqggnxjfourtl3
br8952qggnxj4tl3
zoneight47five5sixjxd74
z1ight47556jxd74
4five1
451
5seveneighteightzzbnzsvdjnkvndsxlttfour
5788zzbnzsvdjnkvndsxltt4
htdcmsl12ninethreepkqtdlvtl
htdcmsl1293pkqtdlvtl
twocghtvtdlfchfqnjhrfour19
2cghtvtdlfchfqnjhr419
rptwofiveonecvlldmppxtrvj3
rp251cvlldmppxtrvj3
6gqsvsqpzxj
6gqsvsqpzxj
5twomgkzsvg
52mgkzsvg
4ninedflntfsn1
49dflntfsn1
4threethree
433
43two6eight9
432689
4gqnkntjthree9one45
4gqnkntj39145
9lmjgqnkxqvfrzhbcfrlltjxjlkjfrlmb3
9lmjgqnkxqvfrzhbcfrlltjxjlkjfrlmb3
ninethreejkcbplfg4kseventwo
93jkcbplfg4k72
mbkfgktwolbvsptgsixseven1oneightzvm
mbkfgk2lbvsptg6711ightzvm
m5fvqfkkk
m5fvqfkkk
tptqnsxmsevencrkdmxms55zrfmpmzv7lzqlnmbkzt
tptqnsxm7crkdmxms55zrfmpmzv7lzqlnmbkzt
bqccqhbdgeight7
bqccqhbdg87
four7nine1eight
47918
8fivethndnpztzninepdkfive8
85thndnpztz9pdk58
1sixxvqdfourlnpdrfbnnx41vhqgth
16xvqd4lnpdrfbnnx41vhqgth
sgpkgdb9
sgpkgdb9
fivetwoq7cdprnjdjhs3three9
52q7cdprnjdjhs339
1mfvptbhqshblvvvdl
1mfvptbhqshblvvvdl
ztftqgbzld8jkcmsrdfzonemzdmbzxpfour
ztftqgbzld8jkcmsrdfz1mzdmbzxp4
dfkctqcjbmfourhszmlvtkeightthree2
dfkctqcjbm4hszmlvtk832
4onersrfjcskckcxcj4sevenzzzpsixeight
41rsrfjcskckcxcj47zzzp68
1fourr5gxpone
14r5gxp1
seven74ninersgvvmtgsix
7749rsgvvmtg6
jvtwonefivetwosbpglbx2two
jv2ne52sbpglbx22
fourfivecxgssssixtwofour4
45cxgsss6244
3zcgcjdcpbgqdfnhxtneight
3zcgcjdcpbgqdfnhxtn8
fourfour29cpbccthree44
4429cpbcc344
6six9foureight5xmfdf
669485xmfdf
four77
477
tqtnjshdmtwo3four8one27
tqtnjshdm2348127
one52
152
nine32five3six
932536
qcjbjrpqdtpvveightpmzs17fourjvghvl
qcjbjrpqdtpvv8pmzs174jvghvl
5293gmtdttfpmrlhvlt9
5293gmtdttfpmrlhvlt9
2zonenfglkskxhn3gxbrtxtcpfive
2z1nfglkskxhn3gxbrtxtcp5
three5cfourfvmqlnhp4two
35c4fvmqlnhp42
three4knrdzxpr
34knrdzxpr
fmpvqkxgeightthreebdrng9tdcffvsfctwo
fmpvqkxg83bdrng9tdcffvsfc2
jpktgx8fivegqeight5three
jpktgx85gq853
7sevennine
779
3two3
323
nfthhzcq2
nfthhzcq2
plmbtrzbnbmt1nine
plmbtrzbnbmt19
149hvjbktkmbj8mtnrblcvfive7seven
149hvjbktkmbj8mtnrblcv577
bfthree1
bf31
six6kqprz86two6
66kqprz8626
jthree6
j36
nine2hzrlcqrt7eight
92hzrlcqrt78
nnzhkhpdb8rbnqmxrfive
nnzhkhpdb8rbnqmxr5
rkszqnp1
rkszqnp1
t1
t1
5sixlmxkgmxrgveight3
56lmxkgmxrgv83
sevenlptpdhtjpgxconedvtrrnngn8
7lptpdhtjpgxc1dvtrrnngn8
nlpvxbscttbbpgndnc7jvrtcjxbsxnqvfcxdcfrgtrdkjflzlrqcnmfourkznnmrv
nlpvxbscttbbpgndnc7jvrtcjxbsxnqvfcxdcfrgtrdkjflzlrqcnm4kznnmrv
7kllgxpb6
7kllgxpb6
two4eightfgrsix1five7six
248fgr61576
one2three6hmktjgmbxhbjl
1236hmktjgmbxhbjl
bqjtxhntjreightsevendgcfpmkld14four
bqjtxhntjr87dgcfpmkld144
22pgcslxtdhkhz8ninethreethreejcklznxq
22pgcslxtdhkhz8933jcklznxq
146gqthree85twoseven
146gq38527
vlvxlmkfpcxsstsevencdbbdsix6
vlvxlmkfpcxsst7cdbbd66
5sixseven48
56748
llljbtxtrrpssrfthree9dpvrndphhn
llljbtxtrrpssrf39dpvrndphhn
qkhvq5
qkhvq5
svrfthree8bdhjshcftdnine4
svrf38bdhjshcftd94
nfqnfkpchl5pcstz
nfqnfkpchl5pcstz
pbx5mfkfour8
pbx5mfk48
cptwonethreeptwo9gzmlkv9
cp2ne3p29gzmlkv9
gdpkprlzr6466fxlvfour
gdpkprlzr6466fxlv4
dlnpklqtfivesixfptrdh9four
dlnpklqt56fptrdh94
onedpfskdd38qfvbjdnpglone
1dpfskdd38qfvbjdnpgl1
4sevenseven5qf
4775qf
onepgmmhlgmtvone3c
1pgmmhlgmtv13c
247tsnmkd
247tsnmkd
threeznnnbtfive5tmdfxtwothree3ndjcszrb
3znnnbt55tmdfx233ndjcszrb
oneeight6rhfiveone
186rh51
threethreethreestvgljm4seven
333stvgljm47
bfbrk3vqsmone39hzzxdgp6eight
bfbrk3vqsm139hzzxdgp68
98rndphxhcbl
98rndphxhcbl
57fourlntgdngzpdsjkbbxnv7
574lntgdngzpdsjkbbxnv7
twons4
2ns4
three4threesixtwo2hf
343622hf
lgqtcllzsevenhrrhqsmsnncmlz7
lgqtcllz7hrrhqsmsnncmlz7
8fnngjrxtljncbvlt7ninehfzrthree
8fnngjrxtljncbvlt79hfzr3
12mltqtqqrvjmjsbthnzpdjtwo1
12mltqtqqrvjmjsbthnzpdj21
lf1onevdmn2
lf11vdmn2
3twozlqnddmrsixslphpvb
32zlqnddmr6slphpvb
five4nrtcjmvj
54nrtcjmvj
cksgmkszrbsrgfkq7tqjxsshxxh7vngsnjt
cksgmkszrbsrgfkq7tqjxsshxxh7vngsnjt
mfiveone7
m517
kkvtwone5sevenfcfnngpmjktrpxk7djgzmdthreehpp
kkv2ne57fcfnngpmjktrpxk7djgzmd3hpp
fxbgtcjp4pxpjv5rbfllhfcpfive8
fxbgtcjp4pxpjv5rbfllhfcp58
2gxrkjdtvxmnvs76
2gxrkjdtvxmnvs76
npvvleightlpd354vrfh1
npvvl8lpd354vrfh1
zbnzdlzpqzsixnine4sevenqtddzzm6
zbnzdlzpqz6947qtddzzm6
6cxrhdvzbmthree98
6cxrhdvzbm398
77eightnine32four
7789324
56tshj77one
56tshj771
161xk26mspxkchfourfive
161xk26mspxkch45
onenineljnsmvmfb7
19ljnsmvmfb7
6hxvmqtwo
6hxvmq2
khzninetwo3pbtsqxlqj3
khz923pbtsqxlqj3
1nine3
193
6xrzjskblfq
6xrzjskblfq
kbtsbckkonethreetwofour7lgcbxmjkjpnine
kbtsbckk13247lgcbxmjkjp9
fivethreecrjznine7
53crjz97
8qxjdsspgn
8qxjdsspgn
vdoneightsix7h9
vd1ight67h9
5bsjl
5bsjl
gfllsrrrmzbfqdrlnvtdzr3
gfllsrrrmzbfqdrlnvtdzr3
7hs2
7hs2
1onelseventwo
11l72
fivetwo3
523
2gnxv9sevenseven
2gnxv977
gmmhshzvsixzssixseven6fivehbdvsjdz
gmmhshzv6zs6765hbdvsjdz
75onegckzsnpnine1xfslhfour6
751gckzsnp91xfslh46
sixgjhnfvsjnrsixeightnine49
6gjhnfvsjnr68949
nineseven929rlsdkcpbjrjdlptjbzp2
97929rlsdkcpbjrjdlptjbzp2
9hbpplffngltfourpgk
9hbpplffnglt4pgk
twoldknnqxkkvvdjldqthree373
2ldknnqxkkvvdjldq3373
cceight9two
cc892
zmeightwohkgs6
zm8wohkgs6
6sevenfdmqkss4fivethreesevenfourqfnsvvsj
67fdmqkss45374qfnsvvsj
4two9njeightnine
429nj89
two3gzseveneightfour88eight
23gz784888
2clqj
2clqj
1ndvbhbtql
1ndvbhbtql
five4sixseven5ghlgbmdgfnqpfdm
54675ghlgbmdgfnqpfdm
34dt
34dt
9sevenrl5
97rl5
dpbpqppsixngvmkflllcrtn8
dpbpqpp6ngvmkflllcrtn8
sixgvsctkrp53sbsx
6gvsctkrp53sbsx
nine9qdrqfourjc
99qdrq4jc
zvppfjpqch24
zvppfjpqch24
sg4txzzfoursevenninethreesqcdznksix
sg4txzz4793sqcdznk6
one3six2
1362
5bgdjzxbrlsl3sixlbxtjdpgfkjmq2
5bgdjzxbrlsl36lbxtjdpgfkjmq2
drsldhgjtrvmmz3jgrp6
drsldhgjtrvmmz3jgrp6
qkeightwosix95nine445cfnine
qk8wo6959445cf9
fivetwo82scjct7onegblrqrggv9
5282scjct71gblrqrggv9
threepfgljkghzc9
3pfgljkghzc9
8qvzljppstpnpeight9
8qvzljppstpnp89
8nine98tkxcfqtg
8998tkxcfqtg
sevensix4two
7642
2eightthree
283
cvhhmcgknj6threefive87
cvhhmcgknj63587
seveneight7dsvqnjsjsqlkeightwovzt
787dsvqnjsjsqlk8wovzt
71oneseven9fiveeightnh
7117958nh
pdjtzxbgjxb3vzfdnjbthree
pdjtzxbgjxb3vzfdnjb3
xqpfourmpddnfcc4one5
xqp4mpddnfcc415
jnrms1fkssgpvvlrmf
jnrms1fkssgpvvlrmf
jbnkeightone6zldns85sixnine
jbnk816zldns8569
1fourbqfgxscdxmkvdpsrm
14bqfgxscdxmkvdpsrm
eightsixone8mjbrqkplkqntjdlfourpjdcs
8618mjbrqkplkqntjdl4pjdcs
lxdsp6prmfglvdfz9eight7sevensixone
lxdsp6prmfglvdfz987761
qdksixvmsevent7xlvmtzdkhb
qdk6vm7t7xlvmtzdkhb
8spqjvhplpzldpthree2
8spqjvhplpzldp32
zqfvpq7pz22
zqfvpq7pz22
nnfbpfour1
nnfbp41
one9ninetwovrclctwo
1992vrclc2
344six98seven
3446987
kqkj9qqvfxn
kqkj9qqvfxn
seven1fivethree
7153
shlnhgq2c3oneseveneightwodv
shlnhgq2c3178wodv
eightthreepkcxlk7threeonethreetwo
83pkcxlk73132
pgmbhrzzqmvkjl57fourqk8gxjmbfqcjs9
pgmbhrzzqmvkjl574qk8gxjmbfqcjs9
eight5oneights
85on8s
ninenineeightvkrsrkgh8
998vkrsrkgh8
svnfdxxftkgzpjqxzkmbbcfourvfsg3two6twonezqn
svnfdxxftkgzpjqxzkmbbc4vfsg3262nezqn
mnvqcmkqvjlqvtltgdpktr3dkgkbt
mnvqcmkqvjlqvtltgdpktr3dkgkbt
sixmg29pplfzrsqhlvfeight
6mg29pplfzrsqhlvf8
glzsbmzqjj43
glzsbmzqjj43
1zqrnpqrcbzdsnfour67zpsxpkbbkmfgrzm
1zqrnpqrcbzdsn467zpsxpkbbkmfgrzm
kxbbcjjksix7sixeightnine
kxbbcjjk67689
zbnhsdxgt5sixsixeightlsdqrgseven
zbnhsdxgt5668lsdqrg7
ninezxrllznbcvmldxfbvjx5fivedtpdhsjgk8
9zxrllznbcvmldxfbvjx55dtpdhsjgk8
reightwo7
r8wo7
fiveninenftgfourjbdkxtxcb38two
59nftg4jbdkxtxcb382
sixlpck4sixzcppvhzkchmnpvqjjgffourj
6lpck46zcppvhzkchmnpvqjjgf4j
34pmfdthreetwo
34pmfd32
7zbnnkqone5three
7zbnnkq153
qxkmhcllcqkk5qrqseven47
qxkmhcllcqkk5qrq747
one62brghc8s
162brghc8s
twotwo1xvgcxbthree
221xvgcxb3
three83dfqgjlc8eight
383dfqgjlc88
twofive8l1twocqmcccgdm
258l12cqmcccgdm
two6cnine
26c9
h2sfnczjmslpmlvdlzrs
h2sfnczjmslpmlvdlzrs
9nbblsvxbhdxqfour8
9nbblsvxbhdxq48
kfzcsg6sixonevrbchsjtfivenbz
kfzcsg661vrbchsjt5nbz
mgtlqcdtwo7qxmszcqpjdplccxzccsixone5nine
mgtlqcd27qxmszcqpjdplccxzcc6159
mtfpphckdn1eightpdtkssqlxdhtlmcjxb
mtfpphckdn18pdtkssqlxdhtlmcjxb
jbphmjjjrg2159eight
jbphmjjjrg21598
zqskrzb1pgfouronevxscgtlccl
zqskrzb1pg41vxscgtlccl
lxvpgrck8fxhxm
lxvpgrck8fxhxm
fournrnlfive1xt
4nrnl51xt
3nsjnb
3nsjnb
eight1three513nine
8135139
39eightsevenfourbgd1mbljzone
39874bgd1mbljz1
6two88five2pjpp
628852pjpp
fourjlftf7six1xsktfhcdff
4jlftf761xsktfhcdff
3kcntzlmnnhhmtmlftggqljkrvninetwo
3kcntzlmnnhhmtmlftggqljkrv92
threesixonexlvxrblq24
361xlvxrblq24
xpgzzrcckdlnrczxndplbpcb452
xpgzzrcckdlnrczxndplbpcb452
ninembdnhhnhhzmvmtdjtkzmb9ncq9one
9mbdnhhnhhzmvmtdjtkzmb9ncq91
4fivebrqrxftwo
45brqrxf2
84tqzbcvgdrgpzpxjrone83zgzpsix
84tqzbcvgdrgpzpxjr183zgzp6
99five
995
mgsevenqgkckfhbfnine3
mg7qgkckfhbf93
2seventhree
273
8fivethreefive2fivethreefive
85352535
scrtqsevenjmxlvjrrbdtqgrdghfivethree7seven
scrtq7jmxlvjrrbdtqgrdgh5377
sevensix946onesevenfour
76946174
dzn14
dzn14
nineqbxvponekvfffs96zjfhpthree
9qbxvp1kvfffs96zjfhp3
53twoqknxnxqbcone
532qknxnxqbc1
fhonerone7fourpmxskkmmx7
fh1r174pmxskkmmx7
eightlq4fourfourdbsdrvhhs17
8lq444dbsdrvhhs17
nnpgtgcbvrggctbtkzht5xmkhtnnn7brpxjcxdrone
nnpgtgcbvrggctbtkzht5xmkhtnnn7brpxjcxdr1
threecxnqkmrrpmzdljstdbfmk5seven
3cxnqkmrrpmzdljstdbfmk57
sdptbzqhn7sixnine8
sdptbzqhn7698
five7jdzdzfqfivesevengtznjmqrblkkzkgvt
57jdzdzfq57gtznjmqrblkkzkgvt
fclvllfthx47sixbhq16
fclvllfthx476bhq16
9mbmsxbn
9mbmsxbn
three82fiveseven4
382574
p1kzmzpbhmcthree
p1kzmzpbhmc3
eightj3681nmgt8
8j3681nmgt8
2two7
227
jdbjlvxhhzzsnmcqldrldeight6nine4
jdbjlvxhhzzsnmcqldrld8694
2threefive
235
foursevenrmfhjvzdv8bpbrvblll1onetwofive
47rmfhjvzdv8bpbrvblll1125
65cfgkcrhbjk
65cfgkcrhbjk
6onecjxzxb72gmrblthx
61cjxzxb72gmrblthx
4jlrvckc9
4jlrvckc9
doneightghmjzzrfourfdzxflm51nineseven7xkxt
d1ightghmjzzr4fdzxflm51977xkxt
r5eightone
r581
nkgknm1
nkgknm1
rxbsnnzbrs4two4
rxbsnnzbrs424
1pqvmfh
1pqvmfh
r2vpdpkzqcs85
r2vpdpkzqcs85
gtfzjnnhsknvjnmnine98
gtfzjnnhsknvjnm998
zrdgv4hnbpb
zrdgv4hnbpb
7one165vddbrzpmfhskvzxdh3
71165vddbrzpmfhskvzxdh3
44szfpgjmvgt4eight
44szfpgjmvgt48
dbgttrbj6five85nsqmzscksvdxks
dbgttrbj6585nsqmzscksvdxks
ffkrhbvq2
ffkrhbvq2
6fourbpjrdvlk
64bpjrdvlk
38eightsix
3886
two4fivedzpgfbtm
245dzpgfbtm
3jbk46
3jbk46
slpkmrstrrvthreepl9bhctdfnfzc
slpkmrstrrv3pl9bhctdfnfzc
nine4two5kkfmcjgxbqkttg
9425kkfmcjgxbqkttg
1zppnmcr5sjfsbbxh48one
1zppnmcr5sjfsbbxh481
8one8fourseven5
818475
6three7nineeight6
637986
96three
963
91twonelt
912nelt
5sevenone2sixthreeknhzm
571263knhzm
2fvhgcbvg7sevenzqdtftct7tvvtkpxbrq8
2fvhgcbvg77zqdtftct7tvvtkpxbrq8
9nvr
9nvr
eightfivetwodjg9
852djg9
7four2six
7426
5fkzgffzpgp3
5fkzgffzpgp3
75sevenfive
7575
mxtwonexsdrpkqzgm1threejqftvl
mx2nexsdrpkqzgm13jqftvl
onekxffhsqb4dkb9fivefvtcjsd
1kxffhsqb4dkb95fvtcjsd
eightone1eighteight4
811884
glfeight7eight4
glf8784
eightcdfjjfiveeight4fivetwo
8cdfjj58452
npxnp32kfsfjpggdtpkm5
npxnp32kfsfjpggdtpkm5
seven7threevcb
773vcb
xtcvsmdx2four2twonefl
xtcvsmdx2422nefl
mzkgnzstwo844dcseight
mzkgnzs2844dcs8
zgoneight65z1seven3
zg1ight65z173
1two5lc
125lc
threevsrg5vdmfvpss27qzrmvmbz
3vsrg5vdmfvpss27qzrmvmbz
7qbcnjg1nine1seven3seven
7qbcnjg191737
5fourxdxrhmxsj
54xdxrhmxsj
v78
v78
41nine
419
56fmktkxvltp4bztxkqfrdthreefive4
56fmktkxvltp4bztxkqfrd354
fourdnq1
4dnq1
ctlk31srscmmdn66sevendmjjqvgj
ctlk31srscmmdn667dmjjqvgj
b7nine8ninejqqhhdnnpx5
b7989jqqhhdnnpx5
ninedlxdshrzfmrnnq17
9dlxdshrzfmrnnq17
jbneightwofiversjctwogvvtprslpgfour9xcone
jbn8wo5rsjc2gvvtprslpg49xc1
dpt5hbgbnmdlthree5sixvsvqtnmndpvv
dpt5hbgbnmdl356vsvqtnmndpvv
sevenrztpgr8nine2
7rztpgr892
four9three1keightbmljrjgxkrbjdhbckbst
4931k8bmljrjgxkrbjdhbckbst
sfmztfjh49one
sfmztfjh491
seven3three7eightwovs
73378wovs
48onetwosix4four4ntvrzvdztr
48126444ntvrzvdztr
mphtwone5sevenfour7
mph2ne5747
4lgqnbdlone
4lgqnbdl1
hpnmtjbcdhfhsnxqhjhhfgteighteight8one5
hpnmtjbcdhfhsnxqhjhhfgt88815
cgtdtt22
cgtdtt22
plnbntcb8seven1gkgzngxq
plnbntcb871gkgzngxq
7bonethreefour
7b134
ffoureight88
f4888
z2four3dfggfntxjbjhdr9three
z243dfggfntxjbjhdr93
5sixgpcm9two
56gpcm92
sixpnlcgbcpdsixtwofour4foursix3
6pnlcgbcpd6244463
dstgjlh812
dstgjlh812
3xfhdfrgqjfourkfjone7four8
3xfhdfrgqj4kfj1748
nine4three6sevenfourthreeeight
94367438
njvdqthkv5seven6fourtbklhrqqsixeight6
njvdqthkv5764tbklhrqq686
58rcfcjdkxcj3eightlndf
58rcfcjdkxcj38lndf
jhnt7zblnkdvhslrhpbkzdh
jhnt7zblnkdvhslrhpbkzdh
7threetrlkmmlzsmtwo4dmjf94nine
73trlkmmlzsm24dmjf949
pssrhmtcv7twotwodjxvlbmnfive58
pssrhmtcv722djxvlbmn558
eightseven271onefxxrfglh
872711fxxrfglh
9bmtwo
9bm2
three522
3522
eightseventworckvnine2
872rckv92
6fourtzmlrkrztvtxfcdf5
64tzmlrkrztvtxfcdf5
3six4rdchffcg7
364rdchffcg7
6threedqssixnine
63dqs69
fivetwo6
526
sixnpkr5xbxmjcxjznpnrf8brxtmgl
6npkr5xbxmjcxjznpnrf8brxtmgl
gtvg3zzbeightkphjs69pjprvhlgl
gtvg3zzb8kphjs69pjprvhlgl
7kclrcjbtkcr63two5
7kclrcjbtkcr6325
threehpn38fivedcmfkgqqeightwovg
3hpn385dcmfkgqq8wovg
hbjcsfshsjqqfive9sevenfourthree3fzjpfjzd
hbjcsfshsjqq597433fzjpfjzd
five7qzhnthree1
57qzhn31
nxhg17j8ninejnqlnine
nxhg17j89jnql9
ddlnxmcg2
ddlnxmcg2
rxeightwopqtpqncvd481154fiveb
rx8wopqtpqncvd4811545b
sevenvbkzgzmnine4qhpptngvhh
7vbkzgzm94qhpptngvhh
bkmz6nineeight69
bkmz69869
tqvzkqfourrj4one
tqvzkq4rj41
sh15nzxzhqdxd96dqht
sh15nzxzhqdxd96dqht
6rhztqrfninefsqszx
6rhztqrf9fsqszx
38cngonefourrhlljvpgz5vzhmbdjj5
38cng14rhlljvpgz5vzhmbdjj5
8fiveddchtllpt
85ddchtllpt
13rgzljhsdjfive2six
13rgzljhsdj526
sevenbdnbheightfive7qbzjvlsr3
7bdnbh857qbzjvlsr3
fivejmfvtnhz1eightkcdpjsghgtwonine9
5jmfvtnhz18kcdpjsghg299
five3bllpvnqgtzdhvprgb
53bllpvnqgtzdhvprgb
t1vcttwo
t1vct2
9953three92
9953392
9hrgxdpf
9hrgxdpf
sevennine579seven
795797
threekp1onefrfjbrmmpmsdsvfour
3kp11frfjbrmmpmsdsv4
4threefive61rrhrtdjs5
43561rrhrtdjs5
xbmvcfqp4onesevenmkgvsnprtl65
xbmvcfqp417mkgvsnprtl65
379
379
4966dlprfxmhmqdfour6
4966dlprfxmhmqd46
9lllhz8nmqxkzsevenxmbqvgqnj8
9lllhz8nmqxkz7xmbqvgqnj8
btkxnzonesevenjmkdcc1ff32eight
btkxnz17jmkdcc1ff328
7three65one745
73651745
seven66ninelkbmvndm3
7669lkbmvndm3
4three3sixeight3
433683
177dcxqqbqpkxgctwo
177dcxqqbqpkxgc2
48cjpd47sevenzgtkrdlfq
48cjpd477zgtkrdlfq
5ppzvklbtnine212qlmt
5ppzvklbt9212qlmt
89tpmnr
89tpmnr
dh1gfgb6threeqcm3
dh1gfgb63qcm3
five83
583
fzlkpx6seven2twotjlqpgldlfour49
fzlkpx6722tjlqpgldl449
fiveninefivenxpzkrslxm44
595nxpzkrslxm44
pxxbnsfoursixeight5mjkeight
pxxbns4685mjk8
ninefivesevenz6
957z6
djddxtdeight2vqsvdgttxonefourfhdfxszvfd8pjcvzbgp
djddxtd82vqsvdgttx14fhdfxszvfd8pjcvzbgp
253seven71nine
2537719
eight6cb71
86cb71
gfzptdj1nine5twosvtmpphj9mkhd
gfzptdj1952svtmpphj9mkhd
hfjcpvzeight7ggqrmkmzrhbthreeeight
hfjcpvz87ggqrmkmzrhb38
chjonetwo2lqxfrbvq
chj122lqxfrbvq
fkfmntldvleight4threethreeeightfour
fkfmntldvl843384
6j81threeseventwo3seven
6j8137237
seightwosvsnp4
s8wosvsnp4
8bqjk75254
8bqjk75254
6seventsmnfjtn4rthrp
67tsmnfjtn4rthrp
9kksdvfzzpsszffouronenrqrcnine
9kksdvfzzpsszf41nrqrc9
5dkpp8fournine4one
5dkpp84941
4mpbzrfvj8two9sevenonenine
4mpbzrfvj829719
jzkdrrjsnpxzxbjhb5
jzkdrrjsnpxzxbjhb5
three87oneonexppvhz3seven
38711xppvhz37
two39kvrmz
239kvrmz
vdfive8dntsz
vd58dntsz
mthreehzdghb3eightsevenfttmjtx
m3hzdghb387fttmjtx
2dlnjsxlg
2dlnjsxlg
7threecrrdqksqsevensixnine
73crrdqksq769
mdxhrrrfiveone6
mdxhrrr516
8nine52
8952
725two
7252
jzpxt2vcninenjgfzddk
jzpxt2vc9njgfzddk
three29
329
zjrffvdgnpeight1sevenglpfkdb
zjrffvdgnp817glpfkdb
two3qnhqvxeight
23qnhqvx8
slqdvfmeightmlhjdcvbrmsjvrk6
slqdvfm8mlhjdcvbrmsjvrk6
two13kfxd28rzqhcdkjtbbstnhbfive
213kfxd28rzqhcdkjtbbstnhb5
qhdqqnjbdk8eighttwoqpthree
qhdqqnjbdk882qp3
one1brxnptch263eight18
11brxnptch263818
threexntmdtwokdmhf3pdkgpthree
3xntmd2kdmhf3pdkgp3
2three9jrcrmjvbrm
239jrcrmjvbrm
1mmlsfsdkzkvjtwo3b
1mmlsfsdkzkvj23b
sfkkkncf3three4seventwoqzhmcdfbhxfl
sfkkkncf33472qzhmcdfbhxfl
vfnqlnrzcrzm8fourvpzxqdqsfb
vfnqlnrzcrzm84vpzxqdqsfb
rjkhxqdmkrfive1
rjkhxqdmkr51
2four2nine9znp6seven
24299znp67
7doneone
7d11
9threetworqlk
932rqlk
eighttpclmtv4twofour5mtxxnpthreeoneightfp
8tpclmtv4245mtxxnp3on8fp
onecfjgrbsjncmpqhqvhxtfpc21nineppone
1cfjgrbsjncmpqhqvhxtfpc219pp1
eightlvjxmxhfive9fb
8lvjxmxh59fb
ninenrjlmcthree3four
9nrjlmc334
eightlxrnvljrhksxzfxzbrt644
8lxrnvljrhksxzfxzbrt644
blmjnfgsrcms31
blmjnfgsrcms31
zsix16xtjvrtn
z616xtjvrtn
lkjfpxjh1sg57xbxlsxcrsix1
lkjfpxjh1sg57xbxlsxcr61
mkmdcsbgvd19ninecsevenone9
mkmdcsbgvd199c719
three1p
31p
4prbjfour1ninesix
4prbj4196
pkf7sixsb
pkf76sb
fiveclczl8sltncdxsix
5clczl8sltncdx6
4ninefourseven5three
494753
3lpchjfgbhzjbqggsfoursixseven
3lpchjfgbhzjbqggs467
twonmcfztwoqp1one5
2nmcfz2qp115
87sevendbqdsevenrlzkrhoneeightone
877dbqd7rlzkrh181
4three4
434
2tthbbcpcr36tqvfjkfs
2tthbbcpcr36tqvfjkfs
rtzqgsixnine4bzqhjrq8five
rtzqg694bzqhjrq85
eight3fivel4kd
835l4kd
1fourfourdpvvghvlzxtwothree
144dpvvghvlzx23
2gzgzmrpbztm1cgzvvrtqt
2gzgzmrpbztm1cgzvvrtqt
qdrfrkncnt1eight
qdrfrkncnt18
smpz4mjrbthree1ninefour
smpz4mjrb3194
6seventhree7
6737
5278nlnfjrqlone8
5278nlnfjrql18
nine6eight
968
twoqrtdsreight2dxhknhpdzz2pdbsnlpljlxkv9eightwop
2qrtdsr82dxhknhpdzz2pdbsnlpljlxkv9eigh2p
vl6eight9eightsix1lmth
vl689861lmth
qxsevenkckxvmjkb1
qx7kckxvmjkb1
hvhlm2twotwoone
hvhlm2221
grtlftfthtthree331dzzzoneseven
grtlftftht3331dzzz17
ftpkgvrsc85cplddgnn
ftpkgvrsc85cplddgnn
lhcbzhgfjlgmcsn66
lhcbzhgfjlgmcsn66
twofourqjrltlvcmmzv8nine3ps
24qjrltlvcmmzv893ps
knvz5four
knvz54
threefivefoureight7four
354874
one9fournine5
19495
cr8twofive7two4tlbpgbngsp
cr825724tlbpgbngsp
seven6gzn8trjmzrvjthtpzld5dcqnjmtl4
76gzn8trjmzrvjthtpzld5dcqnjmtl4
1five1fourfour8hqjzshnszhzgcchs2
151448hqjzshnszhzgcchs2
tld78blgffjksevenninekmjnrzlvxr
tld78blgffjk79kmjnrzlvxr
15six
156
fqlmqhjslgnllgs6three
fqlmqhjslgnllgs63
jvhmkfjzd5
jvhmkfjzd5
kfkxjmbrgjzmjtwo2qnh45pxrkrcpmjd
kfkxjmbrgjzmj22qnh45pxrkrcpmjd
dh119mvxlfdft6sevenqdxb
dh119mvxlfdft67qdxb
five5jl
55jl
jhqp2qzkfvjdfts
jhqp2qzkfvjdfts
teightwo6
t8wo6
kscczzhftqxmbrjtm46five5hncmntrgqz
kscczzhftqxmbrjtm4655hncmntrgqz
65341
65341
cxjpgfourfour98spklghbv73
cxjpg4498spklghbv73
5sevengnxldmlvnrzsthree
57gnxldmlvnrzs3
bsn6three
bsn63
fivesixz36
56z36
snpmdmx65five4
snpmdmx6554
vrjbjsixfour37onesscclpgxr
vrjbj64371sscclpgxr
four58
458
nlrflkxjzbpckmprkp435
nlrflkxjzbpckmprkp435
pp78
pp78
rhz3dblsmbl8mvmthree3svhbzb
rhz3dblsmbl8mvm33svhbzb
qtztdn4
qtztdn4
rqrdr5ninefivexj
rqrdr595xj
fiveone4ninesplghqrbcnmmzll4mvklfmxv
5149splghqrbcnmmzll4mvklfmxv
tj3ninekvczg3cczmhkdf
tj39kvczg3cczmhkdf
fivelnrjmn3jvlmhplj4fourkvdceight
5lnrjmn3jvlmhplj44kvdc8
five6jrbkxrvmtqfvbq7pmjmdkmkv
56jrbkxrvmtqfvbq7pmjmdkmkv
6gcllrgktc
6gcllrgktc
21zffhnksmjj1rcdpkcrznine
21zffhnksmjj1rcdpkcrz9
threegpnpftrstmfive4ninefive
3gpnpftrstm5495
1cnsixpnvrxq
1cn6pnvrxq
33qghllh
33qghllh
gfour1rmznkmplqfsevennksglsfdqtwotwonet
g41rmznkmplqf7nksglsfdq22net
kjqcslq3nineoneightkq
kjqcslq391ightkq
three8oneninepjpqnzccthree
3819pjpqnzcc3
3jpfhtrfrffournmrxrpdjm
3jpfhtrfrf4nmrxrpdjm
2svsmkptdcmpkhbpmnineczjsjvlfpkckxscfour
2svsmkptdcmpkhbpm9czjsjvlfpkckxsc4
dqxpjsnineonenvhptwocprtsbvcl6
dqxpjs91nvhp2cprtsbvcl6
ninethreesixninesixxjjjkvtbgd5hrstthree
93696xjjjkvtbgd5hrst3
fivefznprpxccnk8four3twobllsjnfjnx
5fznprpxccnk8432bllsjnfjnx
ghh2skv6
ghh2skv6
eightninethree4jbcgrqeightfive
8934jbcgrq85
4ltjfxjbthreesixbrtzlbfdx7eight
4ltjfxjb36brtzlbfdx78
one9mvbrcc
19mvbrcc
three5khjdjlpl4hrzqblshkxdgseven8
35khjdjlpl4hrzqblshkxdg78
czvxncr2
czvxncr2
eightthreedhkkpr9hqqdtwo1
83dhkkpr9hqqd21
fouronetnhxgzstdx31six
41tnhxgzstdx316
fzcnineghrfbcbhhv263
fzc9ghrfbcbhhv263
eightfive525onexgrzfive
855251xgrz5
zclvsg9three6eightkeighttwo
zclvsg9368k82
two35bhmnlt
235bhmnlt
9s
9s
xbshssrspj643four4vrjdnlf
xbshssrspj64344vrjdnlf
nineseven4ztnchhpx92
974ztnchhpx92
gpfive25dvx
gp525dvx
1five5
155
jtcstj1kqrsbhsdsk8
jtcstj1kqrsbhsdsk8
eight1sixsixbnsfouronecsv
8166bns41csv
tgplkg2hgeight
tgplkg2hg8
seveneightxsgcsfxd9dpkvltrsnlkccrskrbppmkxmpt
78xsgcsfxd9dpkvltrsnlkccrskrbppmkxmpt
pddbvnrqzznqmmonesixjgpgm9rmlxvqqmdbcqhng
pddbvnrqzznqmm16jgpgm9rmlxvqqmdbcqhng
xqdbsktwothxzfsmqptrjbthreesixhqgrffqcnine2
xqdbsk2thxzfsmqptrjb36hqgrffqc92
vxvtfjsevenfivethreethreensflthreenine6
vxvtfj7533nsfl396
8one9sxrczdfg2
819sxrczdfg2
mdtdgjthreethreefjzqs16
mdtdgj33fjzqs16
dnvpjteight6tcn
dnvpjt86tcn
eightnine3cdzk
893cdzk
three6tzmqbzgmdeight9fiveztwo2
36tzmqbzgmd895z22
1pg6three6sevenmghhdx3
1pg6367mghhdx3
41threenine1
41391
ncbrrm7six2nine
ncbrrm7629
eightxrxdsnsvzddhrqvkfmseven3ntpqhsbttqmlp
8xrxdsnsvzddhrqvkfm73ntpqhsbttqmlp
one3fourmmrhpjmnjnqxkf4ftkxsvsix
134mmrhpjmnjnqxkf4ftkxsv6
54zdqrrmzd
54zdqrrmzd
rftdstx6hdrhmqjs9b35
rftdstx6hdrhmqjs9b35
fiveseven8five5
57855
gzfkkqznk4
gzfkkqznk4
six32ckkbh
632ckkbh
jpk171fivesevenhbjlddveightvcqh
jpk17157hbjlddv8vcqh
71foursix7
71467
2nine4onelkvplzhj7onen
2941lkvplzhj71n
4nrvsh3twoprvpgltsix1pzbdhvfour
4nrvsh32prvpglt61pzbdhv4
skvnpjfmkhmf7547tszjzmq
skvnpjfmkhmf7547tszjzmq
two3ctthreesix3sjflprlrcg8bnhxs
23ct363sjflprlrcg8bnhxs
six41nmgpztwo
641nmgpz2
dkkhmgmjtwo4seven
dkkhmgmj247
8jqcmhrbmcninehbpxdjpvbk882ktjxp
8jqcmhrbmc9hbpxdjpvbk882ktjxp
hlbhcfivetwo77three
hlbhc52773
19ccmrmh1lgmngl8
19ccmrmh1lgmngl8
5eightnhfsjzjseventhreefiveeighteight
58nhfsjzj73588
3dkvxfive
3dkvx5
39zn
39zn
cqsklnrdhtwoeight814rdncfthrjbc7
cqsklnrdh28814rdncfthrjbc7
13pfspbxkfrr
13pfspbxkfrr
five7sevenfourfour42tppvrfqrvz
5774442tppvrfqrvz
nboneightfour9eight7threefournmvcrgmkx7hs
nb1ight498734nmvcrgmkx7hs
sixoneppbone5ctdhjzzrnine
61ppb15ctdhjzzr9
5one1nineeight1two99
511981299
7rjvqdvgxxmb
7rjvqdvgxxmb
sixbkdpftd6
6bkdpftd6
699
699
rflvscthxb9one9jtfqd
rflvscthxb919jtfqd
sixtwo2hsclsg
622hsclsg
8nzgpt7eightfour6zhjxqjmrq53
8nzgpt7846zhjxqjmrq53
pddnfour1one749five
pddn4117495
gbbprvrq23seven77zssgktwo
gbbprvrq23777zssgk2
ppc2flmdjrp7twoonerjhtlv
ppc2flmdjrp721rjhtlv
vlltgb8seveneight5clqsthree6
vlltgb8785clqs36
onetwobtgdkkxv1five6lcfvkhm9three
12btgdkkxv156lcfvkhm93
two8threesixsix
28366
5threeeight
538
onespeight9twonexpr
1sp89tw1xpr
pzfourseven8five9five
pz478595
9mbdbphhrfeight
9mbdbphhrf8
fournt14
4nt14
jlcb2
jlcb2
three3eightnfj2
338nfj2
6four2fgsndlslkr
642fgsndlslkr
8sevensxcjl6fivefivesssevenqghn
87sxcjl655ss7qghn
3xgzj66svlvqgcvzzlb5vvjvmvb
3xgzj66svlvqgcvzzlb5vvjvmvb
hfhmngkv64
hfhmngkv64
263six
2636
oneone15qtgtksjdgz27hjl9
1115qtgtksjdgz27hjl9
1six8mrrkx6
168mrrkx6
vdhslzfgsevenfivemseven4fourq
vdhslzfg75m744q
vdjlnrvqjb5thsevenfiveonexskqrfourhtcl
vdjlnrvqjb5th751xskqr4htcl
1ninefoursix6seven
194667
twobvpnjmspxmgxkv4twotjjkbxfgs4
2bvpnjmspxmgxkv42tjjkbxfgs4
fivefour8kfjrpdddhr
548kfjrpdddhr
dvbljqpznfjjp6sevengvbdxm1bnzhqmcdgpzrd1
dvbljqpznfjjp67gvbdxm1bnzhqmcdgpzrd1
34cmclpfrgrjpxpjpdv
34cmclpfrgrjpxpjpdv
9xcdkhtsdmtvlrtlcbsixtrjqxg
9xcdkhtsdmtvlrtlcb6trjqxg
rdhqfcseventhree9tqggvslm
rdhqfc739tqggvslm
gddfoursevenrqvqdkqbr6ninecfd
gdd47rqvqdkqbr69cfd
19cjpltfxspkpxkctdhjkncnbtwoone
19cjpltfxspkpxkctdhjkncnb21
mseven7six4five19hjd
m7764519hjd
jcqlxpmmj7rsrrngnq2seven
jcqlxpmmj7rsrrngnq27
fssvonepgqmrgbv1
fssv1pgqmrgbv1
fourfivefoursixthreegjgxhbzrgx1
45463gjgxhbzrgx1
fzdfbxsths5szkgkgzdmnvtnine9nqb
fzdfbxsths5szkgkgzdmnvt99nqb
rszfmx6eightnine6eightj
rszfmx68968j
three199twol7six3
31992l763
threedmxbsevenjmdvrzlfive26
3dmxb7jmdvrzl526
ninehkbdkc594one
9hkbdkc5941
6fsix
6f6
fiveseven51fjlx6
5751fjlx6
bj3fivesix1
bj3561
9vxcstvpf
9vxcstvpf
threeseven6
376
ninefive4twoonetwo
954212
8seven6
876
twopxsts95
2pxsts95
pzhxsxnnkthree6
pzhxsxnnk36
6ninem591
69m591
7drfqdsjsnfdbqp
7drfqdsjsnfdbqp
p2plgbninethreesixthree
p2plgb9363
5seventnhvjfrlkggfjbmlzxhnnnsh
57tnhvjfrlkggfjbmlzxhnnnsh
seven691rjmnfzddfive
7691rjmnfzdd5
466mmgnh
466mmgnh
dsctthree7
dsct37
eightqlfourzndmzltp34xjbdmpjs1
8ql4zndmzltp34xjbdmpjs1
stmprbctwo1ninesxbzqkkdqgdqhone
stmprbc219sxbzqkkdqgdqh1
sevensixeight91sixjscqxlzj4
768916jscqxlzj4
vrctfpbp2bdknhtwothree68ckzlgkghponeightg
vrctfpbp2bdknh2368ckzlgkghp1ightg
one82lzh1m9
182lzh1m9
5dgkljnlvnthbdfeight7x9kloneightrp
5dgkljnlvnthbdf87x9klon8rp
9pdsgfourzcfour51one
9pdsg4zc4511
3twonltnmdqttqmj6fivefivesix
32nltnmdqttqmj6556
1four8szcp
148szcp
dqbrkz8xp
dqbrkz8xp
3twoftqxxgdg
32ftqxxgdg
sflsixzjq1
sfl6zjq1
6nine4plhvcthree
694plhvc3
znzdrj4526fjtszspfour9pk
znzdrj4526fjtszsp49pk
785bttrfnrtzvninehqzthfr
785bttrfnrtzv9hqzthfr
6slx7six8qhppjmbcrj
6slx768qhppjmbcrj
dc1fdzzsvnb
dc1fdzzsvnb
1xfourtwo
1x42
1mvt283
1mvt283
fivecflqkthreek2
5cflqk3k2
7gtdlvbcxvrxvx1264eight
7gtdlvbcxvrxvx12648
b1pbpcsix
b1pbpc6
fivefourzqrmbpgnqzgpzhfour9
54zqrmbpgnqzgpzh49
seventhree5cnvjmthree
735cnvjm3
ksblnqbkgnfone8
ksblnqbkgnf18
8fourvkhkhlsjq
84vkhkhlsjq
twoqjvb9zjvpfz2onesixk
2qjvb9zjvpfz216k
tdjmrcvsevensix1seveneight
tdjmrcv76178
5mqxkkcttfivezdbcdmlfivebchqlcktpseven
5mqxkkctt5zdbcdml5bchqlcktp7
7bzsnljccxqbtq3dsfsbrlpgqjzxeight
7bzsnljccxqbtq3dsfsbrlpgqjzx8
one4mjgfhzsjdc3crgthhjrznd
14mjgfhzsjdc3crgthhjrznd
sixthreektx8xjbdjlq
63ktx8xjbdjlq
bgvldztfivetwo3tldvpzkmonepdvppd8
bgvldzt523tldvpzkm1pdvppd8
xhzm91
xhzm91
oneskfoureight23
1sk4823
ppsj64
ppsj64
fgrf45four5
fgrf4545
four2two
422
798jcgzf
798jcgzf
93mxc
93mxc
hn5q9rm2vtksix9
hn5q9rm2vtk69
cvdldzschflc9eight
cvdldzschflc98
mqdtndzvv9eightkzxlgvcggrkltzlphcfq
mqdtndzvv98kzxlgvcggrkltzlphcfq
beightwoone6rqjcqq7sixfourrkghseven
b8wo16rqjcqq764rkgh7
two9nine9foursevenfourone
29994741
793sixzngtcbrbtjmbjbqxzpqjkn
7936zngtcbrbtjmbjbqxzpqjkn
1five4
154
x4
x4
qmlvsptmqhfvbfiveonemnmzshczjgsvgsgpps2seven
qmlvsptmqhfvb51mnmzshczjgsvgsgpps27
28eightmt9
288mt9
1four8hbpnktmn
148hbpnktmn
6nine5threeplcsdrn96four3
6953plcsdrn9643
two3vdvh6
23vdvh6
three7fiverkjmllclbprmqgb4
375rkjmllclbprmqgb4
strvnllfmqm2threesixbbrjxbjvvxvjhr91
strvnllfmqm236bbrjxbjvvxvjhr91
4dbqqbdcddldhgxjrnfivehz9
4dbqqbdcddldhgxjrn5hz9
v81nnvzv
v81nnvzv
3ssptnqhmrzbseveneightwoxdx
3ssptnqhmrzb78woxdx
ninetthree72
9t372
556five2three
556523
99175onepzqpj
991751pzqpj
8tmbfpbsninenineglvbh7gnrd
8tmbfpbs99glvbh7gnrd
three8zmtvxqmksfpvkfourp9twooneightzgs
38zmtvxqmksfpvk4p921ightzgs
khmcnch1tb2
khmcnch1tb2
5jtcggvdfzmsppshsqlhz
5jtcggvdfzmsppshsqlhz
249sixtwofoureight
2496248
6sixfourxpnt
664xpnt
6threen
63n
16qmgfjjmqnktnxgz
16qmgfjjmqnktnxgz
kjvbk1zzqhdkgxxghxsix77
kjvbk1zzqhdkgxxghx677
sndnsm1741gtszjkmvxsevennine
sndnsm1741gtszjkmvx79
kzlrrrjbtrrgf5jsbgxn
kzlrrrjbtrrgf5jsbgxn
4bnfdfbgthc
4bnfdfbgthc
ztghxzrdprvlfx4
ztghxzrdprvlfx4
54tzqlfjfnthree7twonine
54tzqlfjfn3729
knqkbts5ffqhdsfpmdeightnfhpjcmfmrl
knqkbts5ffqhdsfpmd8nfhpjcmfmrl
jzphxleightjhxvhdrseven5mktwo
jzphxl8jhxvhdr75mk2
1fivegxdknn
15gxdknn
3onetpqdddbhb2seven2
31tpqdddbhb272
7seventhreebzcqpkdck5dc
773bzcqpkdck5dc
seven71
771
eighttwo1
821
dfflcrcqfiveone2seven6
dfflcrcq51276
qpf8
qpf8
1seven1bjsmxzr54four5
171bjsmxzr5445
mmztpseven836four
mmztp78364
three8htqhzkrxhrfourthreebdrmjsvpfb1
38htqhzkrxhr43bdrmjsvpfb1
zjhljpmmdms998ffjqgxgbkdbvxxppdltbrpzcbf
zjhljpmmdms998ffjqgxgbkdbvxxppdltbrpzcbf
rj76
rj76
vlxnnqxr4eight
vlxnnqxr48
2twoonefourtwosevenpdpfkgdhhzlbfq
221427pdpfkgdhhzlbfq
cn5five4
cn554
hhqzsxlm45twonine
hhqzsxlm4529
ncszsls1z2
ncszsls1z2
ktxkkbhcxcbnffzbsix8bf4r
ktxkkbhcxcbnffzb68bf4r
xrk1bvvrxvkreighttwoeight
xrk1bvvrxvkr828
4eightqbmtpsl2six
48qbmtpsl26
13jzchfndpjpone
13jzchfndpjp1
fivefvm1sevenhjxrnkg2bfmdnbj8
5fvm17hjxrnkg2bfmdnbj8
9gcfmkhqrczseven7jkshrh
9gcfmkhqrcz77jkshrh
twornrbjlvsdr1threem
2rnrbjlvsdr13m
njzxgftwo4two
njzxgf242
threertvjcmtlr7nxhghbnvkq
3rtvjcmtlr7nxhghbnvkq
6seven8drfivecvv3cr
678dr5cvv3cr
fivefiveddnhmz25nine7
55ddnhmz2597
2eight4nine47
284947
nthreetwotwo67
n32267
4mbsqbpvf7threedp4fourvvdgkvzfkz
4mbsqbpvf73dp44vvdgkvzfkz
sixthree1twozxldcqnvdcksfiveseven
6312zxldcqnvdcks57
nh2
nh2
4rczvpnvsptwo
4rczvpnvsp2
foursevenone4
4714
5sixkvsjjqzs32kbghctffhssmg98
56kvsjjqzs32kbghctffhssmg98
zbclnpj3ncgjrpz6tcgdvjpdmkk1
zbclnpj3ncgjrpz6tcgdvjpdmkk1
4mmsbtfivetwodgvbhrzrlh
4mmsbt52dgvbhrzrlh
sfour2fivefour
s4254
jx9
jx9
xltwone6
xl2ne6
1szbglvbcblqtdqrbdqqhbfzrrq4sixfivezfb
1szbglvbcblqtdqrbdqqhbfzrrq465zfb
two8klhvgbm97eightfour6
28klhvgbm97846
szslrmeightsz61eighthnhxv1
szslrm8sz618hnhxv1
seven42sznlgdsdgfj
742sznlgdsdgfj
three2eight26nine
328269
4sevenfmxrhgkll3fivefjsxninefour
47fmxrhgkll35fjsx94
onenlzksgpz2ggnvsmlxxsvqsix6twodbdzvkbhhl
1nlzksgpz2ggnvsmlxxsvq662dbdzvkbhhl
mxs62zfsmkgmxzl6nbsix
mxs62zfsmkgmxzl6nb6
9sevenlbbt9twonet
97lbbt92net
32tworbbmnbgqjd
322rbbmnbgqjd
jrx7mpbcvqfhfr7sixsixkqmcj
jrx7mpbcvqfhfr766kqmcj
vcdcthreefour5bbqbhxqjkqqzkdk
vcdc345bbqbhxqjkqqzkdk
onesevenfourhxfvfoursrq4n1
174hxfv4srq4n1
six1hglqzjxfxxd4
61hglqzjxfxxd4
4lkjljr2
4lkjljr2
3brlmgbpdnpslgcsevenxrrftvzlxc5nine
3brlmgbpdnpslgc7xrrftvzlxc59
czhmhhnrxrbzgtmvn1mbjpnrlsevenbfbztqfp
czhmhhnrxrbzgtmvn1mbjpnrl7bfbztqfp
xnctftbbm3seveneight9kpkfour
xnctftbbm3789kpk4
xsixsixh5three
x66h53
2lzslqtllcpfdq3
2lzslqtllcpfdq3
six2xstqpjctsxgtwo941
62xstqpjctsxg2941
sixthree6
636
636bmxvvfztzvbrxbfh1four
636bmxvvfztzvbrxbfh14
h4pcllfnine
h4pcllf9
pknldv4jzlkngvqslchstsnfj7sixsevensevenb
pknldv4jzlkngvqslchstsnfj7677b
78threegfclmstbxt
783gfclmstbxt
9three9mnkhrrlbgonethreef1six
939mnkhrrlbg13f16
2bzslfdpvoneeightthreeone3jpqjk2
2bzslfdpv18313jpqjk2
1nfjttgvlsn6eight2hznlx
1nfjttgvlsn682hznlx
7three7sevenbdngj6threeseven
7377bdngj637
one8qdldvhjhrfsixgscfnpvbm2
18qdldvhjhrf6gscfnpvbm2
mqlhrjksdtbrvrgvpc884ngrddthzjgtjxnjq
mqlhrjksdtbrvrgvpc884ngrddthzjgtjxnjq
kpndxtponenine97
kpndxtp1997
vcpsjrxlpfqprxz7threeeight2
vcpsjrxlpfqprxz7382
ztgckbfr5twodpznplgl32rfqjhrvhgmkd
ztgckbfr52dpznplgl32rfqjhrvhgmkd
threehfvxnkfhdgmtwo16
3hfvxnkfhdgm216
6seven36qrndxhxljgkskgtjdtscczz1
6736qrndxhxljgkskgtjdtscczz1
ndcqhqnvtppkfbgljkrd3xfdvqhxkx94
ndcqhqnvtppkfbgljkrd3xfdvqhxkx94
sixgonebbblkbbqvccnvm2jxpvlnrbmjnsrnqgbb
6g1bbblkbbqvccnvm2jxpvlnrbmjnsrnqgbb
sevenmeight2rlvbkxmxfour3nine8
7m82rlvbkxmx4398
72bcdrcbzffkc3oneightnc
72bcdrcbzffkc31ightnc
onesevenfour57
17457
sixnmplqnfx1eightfour
6nmplqnfx184
nine5bh4eightseven
95bh487
7gcqthhztknjslxfbcj19
7gcqthhztknjslxfbcj19
five2fivethreedbrkgchn8
5253dbrkgchn8
221565
221565
26three83vmtlj
26383vmtlj
nine5threeninezgjcpssevenone
9539zgjcps71
xshxdblgf8threehxkntrdn6lghpzt9
xshxdblgf83hxkntrdn6lghpzt9
fdfqxmn3eight6zssbgnddcv
fdfqxmn386zssbgnddcv
eight1hrrqmzjjq
81hrrqmzjjq
ckhpqtwodqz9r
ckhpq2dqz9r
zbtjjffourninesix7bqz
zbtjjf4967bqz
jeightvfdqttxmsix3pnh5lgf
j8vfdqttxm63pnh5lgf
6onerqbdslg
61rqbdslg
fivep26two
5p262
onetwogscnvv1
12gscnvv1
eight1487
81487
threekksixnine6
3kk696
69sixoneqhhrqsg
6961qhhrqsg
8sevenmtcm
87mtcm
three1jlbfpfdxpqpzspgcllfv
31jlbfpfdxpqpzspgcllfv
27one
271
mlmfourseven3
mlm473
sixninercgrkdpd9
69rcgrkdpd9
three7kmvsztmxjsixthree3bvhmhthreesdrbq
37kmvsztmxj633bvhmh3sdrbq
mk7
mk7
jstwone8fourkrlmtfk7qjvrghcbfive5
js2ne84krlmtfk7qjvrghcb55
eightchvxseven9nine252
8chvx799252
five68qoneeight
568q18
seveneightfive2threetckdpkqrnqpthreevlqlq
78523tckdpkqrnqp3vlqlq
jlcpvfxpq867xfcjcddvjkjdfnqtnjp1
jlcpvfxpq867xfcjcddvjkjdfnqtnjp1
prxzmdmbxbfljckhd7pbc5three
prxzmdmbxbfljckhd7pbc53
92fninenhnxjlzninenqmhmmlsfqf
92f9nhnxjlz9nqmhmmlsfqf
ftmljhqxjdhddkbtxlbz9five
ftmljhqxjdhddkbtxlbz95
oneone4cfsnxltqfbnzzljseven
114cfsnxltqfbnzzlj7
gbktqjbrtgsevenninexf6seventwonine
gbktqjbrtg79xf6729
nine3fournine
9349
1fourtwo17seven
142177
twosixmpnpdzmjxlmjsjdnkmnhmdtdg7xrbknkplsix6
26mpnpdzmjxlmjsjdnkmnhmdtdg7xrbknkpl66
fqzqxzkgzrlkmqfour53seven2
fqzqxzkgzrlkmq45372
8three27eight4onekgrlc
8327841kgrlc
nzrlgrvfive3vdtqcqrm6
nzrlgrv53vdtqcqrm6
4qfgvppninetwoone4
4qfgvpp9214
threelpmgkfxoneseven8threebmjtdl4
3lpmgkfx1783bmjtdl4
slkrnqlpfxcrgxmnd9one7
slkrnqlpfxcrgxmnd917
fouronekbfmdrjxvn8kz1twosevenrth
41kbfmdrjxvn8kz127rth
8xbvkfqmzjg
8xbvkfqmzjg
six4xcx97lzninefivenine
64xcx97lz959
threesixhfvnjrvpf1sixseveneightfive
36hfvnjrvpf16785
8ninethreethreepdlddhdfp
8933pdlddhdfp
two47threefour
24734
61czbc4cvklssbpt
61czbc4cvklssbpt
8712st2
8712st2
lgflr1three
lgflr13
ninenine9
999
ptx86five
ptx865
291
291
seven82three9
78239
mxfhmtcjpxqqsl68hpcfvjj
mxfhmtcjpxqqsl68hpcfvjj
1qmvjl6four
1qmvjl64
3six84
3684
fivefivefourfiveeight7eightwods
5545878wods
2seven5five2d
27552d
6five3hqbjsrzhtkv7
653hqbjsrzhtkv7
4pgcsxslr6h623
4pgcsxslr6h623
three8one
381
8xnsgbjhz9
8xnsgbjhz9
3gtqbhdzjninetwo6thrfssxqptjbtmkkmlddhdm
3gtqbhdzj926thrfssxqptjbtmkkmlddhdm
6mldxcjnxv9
6mldxcjnxv9
mc8one88
mc8188
h4
h4
fivefour2s
542s
9q
9q
fiveseven8two8lkrtvdqchbvnmzmlhgqbcx
57828lkrtvdqchbvnmzmlhgqbcx
cpcgpg9cnbsixsix
cpcgpg9cnb66
vglgjf9qzcspsnsbrktbnpnppzmgldtwo
vglgjf9qzcspsnsbrktbnpnppzmgld2
three2kllpcvmmgcseven
32kllpcvmmgc7
twofivekvcnfpkplnv2threefivehvxpthree
25kvcnfpkplnv235hvxp3
36h6hzfhhbtqgqfgthreesix
36h6hzfhhbtqgqfg36
86kkqqseven9
86kkqq79
7jgncdninejvmqdmone5sqjp
7jgncd9jvmqdm15sqjp
seventhree4eight9three
734893
38knvgxrftdtwo1
38knvgxrftd21
ksgjdlpxhztnlfc6hxncbgbmgzldvlvmgrjkmtwosix
ksgjdlpxhztnlfc6hxncbgbmgzldvlvmgrjkm26
dtoneightone427
dt1ight1427
3518msltkgqthvjhs
3518msltkgqthvjhs
75qmqvkmf5six
75qmqvkmf56
85pvvthreeseven
85pvv37
ckqoneight4xqqnkdnzpggmxrmhkhx171nineqgd
ckq1ight4xqqnkdnzpggmxrmhkhx1719qgd
76nine
769
6threentcfsvvfseven1eight
63ntcfsvvf718
23fivetlqdfhxgg312nine
235tlqdfhxgg3129
1pjninexlqnthreeoneoneoneightx
1pj9xlqn3111ightx
6one1
611
lfjmdhpj9fiveonelvfivenine
lfjmdhpj951lv59
4xjmxfxxfsbxgk9sixhq
4xjmxfxxfsbxgk96hq
8six8vszdsslqntzjqxx8two
868vszdsslqntzjqxx82
4one88995five
41889955
nskmvtzd1five
nskmvtzd15
4tpzxkbfq1vlxpvzbxnhqtshzhfourtwo
4tpzxkbfq1vlxpvzbxnhqtshzh42
7six341gsl77eight
76341gsl778
94dvc
94dvc
qzkmxqqh6sixvn
qzkmxqqh66vn
sevenoneone26m8
71126m8
ninedtfvl3four15eightjtpfhlzzct9
9dtfvl34158jtpfhlzzct9
5ninesixtvvpblfqgb
596tvvpblfqgb
5twoseven4onedcsqj6
52741dcsqj6
gcbtzns6eight52ccvvpsbdgfgg
gcbtzns6852ccvvpsbdgfgg
tczvbfxfvcbfxzvvxp9three
tczvbfxfvcbfxzvvxp93
fourkczgcb9knnpkd3
4kczgcb9knnpkd3
9ninefive8nine5
995895
tnkpsxjm7four45bpdg
tnkpsxjm7445bpdg
twofour1glkvvkq
241glkvvkq
fiveeightfive8vbqtsmhjqr5vgbmsxrkh7four
5858vbqtsmhjqr5vgbmsxrkh74
lhncnxngfour9five
lhncnxng495
5six36five4
563654
74ckc
74ckc
lkeightwol11
lk8wol11
five3mnlbmsg2
53mnlbmsg2
hmvmgnqlhdgonedxmjxxbpbpt1four6zh
hmvmgnqlhdg1dxmjxxbpbpt146zh
svmmzbbj5
svmmzbbj5
3l4
3l4
1dgfnone17
1dgfn117
667
667
1qlcg4seven
1qlcg47
756ghcxrmrgtninefivegvmtjhfrj
756ghcxrmrgt95gvmtjhfrj
6twonehjv
62nehjv
vpgeight7twonlcfcdspmvpcfj6five2
vpg872nlcfcdspmvpcfj652
76jhj4sixeight
76jhj468
vcfrscgccnine6j
vcfrscgcc96j
mhm8kfjl33ninefivethree
mhm8kfjl33953
85bfqjpdmbg92rjbthcrfgvcjzqhpgb
85bfqjpdmbg92rjbthcrfgvcjzqhpgb
nine554ltcgj5
9554ltcgj5
eightfivevjszdqkf96ninemgldmdth1nine
85vjszdqkf969mgldmdth19
sixq4pcczfqc
6q4pcczfqc
three7two
372
eight9csevenfour
89c74
fpnnxvcttscfrgponefive8twohgfkhbssix
fpnnxvcttscfrgp1582hgfkhbs6
smkjtzm72vmtleightjmkxkgpfzmjpmbbd
smkjtzm72vmtl8jmkxkgpfzmjpmbbd
7two1lxvqqzzrvj31fourprzmsdzbf
721lxvqqzzrvj314przmsdzbf
kffeightwogzcqpzdbhfvmckxmbhrgvonevcshkbctbc524
kff8wogzcqpzdbhfvmckxmbhrgv1vcshkbctbc524
fcsoneightnmtgzbbnflnnlk5two
fcs1ightnmtgzbbnflnnlk52
6gkxbhgzbmltwosrmone1five
6gkxbhgzbml2srm115
sjrfkfjszsix49
sjrfkfjsz649
47seven82fourfhhfmlshdsix
477824fhhfmlshd6
sixhjqszlc6kzzbqsldk
6hjqszlc6kzzbqsldk
nineptfourrvrghq7
9pt4rvrghq7
4four5one148jcbvnbj6
4451148jcbvnbj6
ninezfcrvxfnjd6nine
9zfcrvxfnjd69
bfjfbpfseven7
bfjfbpf77
bdzmktwo4fourkrjj3
bdzmk244krjj3
nhnfv725
nhnfv725
sixeightsixkkndrj7
686kkndrj7
eightone2m246
812m246
fourhsbdblm74fourcphtwo
4hsbdblm744cph2
khrjxxrltbpngsmzndgsjmzvgqxfhvkct6eightzrvpmpcc3
khrjxxrltbpngsmzndgsjmzvgqxfhvkct68zrvpmpcc3
mlsc4qnlhqjfour
mlsc4qnlhqj4
956onefive
95615
1xtmbmkscvv2onefivelvlztjtctz5eightnine
1xtmbmkscvv215lvlztjtctz589
32tmphhjnlfsixskninekjdcftm
32tmphhjnlf6sk9kjdcftm
krgp1hdhgvgpgbvbxgfngvktwo
krgp1hdhgvgpgbvbxgfngvk2
klpnpcplfhlztjgv17six
klpnpcplfhlztjgv176
5dsxngmpdvjhnlbhxmp7xqqtgdoneightdvm
5dsxngmpdvjhnlbhxmp7xqqtgd1ightdvm
threeeight3t
383t
5fourlpqzq2two1oneqlq
54lpqzq2211qlq
eightfivesixnineeightfour1
8569841
52ppqztdggqgtphdfz4fkrkfztzzqldpg
52ppqztdggqgtphdfz4fkrkfztzzqldpg
seven7zbone
77zb1
xg79onef6eighteight
xg791f688
three6nvhnqeightgkttsvtwofive9
36nvhnq8gkttsv259
rjsevenonefllcrdnbmqcmxqsq38
rj71fllcrdnbmqcmxqsq38
twoseven2dppxgmlhr61onenine4
272dppxgmlhr61194
sevenb3btzhscqbrxxjkhtzpv
7b3btzhscqbrxxjkhtzpv
859two
8592
threetllmjmhdjr18two
3tllmjmhdjr182
94tmvfpzmgvzsm1fmbhkhzffkzllx
94tmvfpzmgvzsm1fmbhkhzffkzllx
nlkndffq2three
nlkndffq23
6ninemfour8rbxvj6
69m48rbxvj6
7clxtxrt1lqg5
7clxtxrt1lqg5
onefivegjnfzkvg9
15gjnfzkvg9
fplrvmqjdfxvjdfivesix6rpnkfour
fplrvmqjdfxvjd566rpnk4
5fivetwoxdgchbjjrckntlgblsxlcznfd
552xdgchbjjrckntlgblsxlcznfd
eight7fourfour
8744
3kmtjlfbgssixmspkfzrgxtctksix4onetwones
3kmtjlfbgs6mspkfzrgxtctk641tw1s
8five15sixthreeljsfive
851563ljs5
9lnn
9lnn
nine7pzrxnnkthreesdjxphsrf4hc8
97pzrxnnk3sdjxphsrf4hc8
three6115nqhllcmpmzcfour
36115nqhllcmpmzc4
vpqjnvmltx8fivefive
vpqjnvmltx855
vrlqlj5fivesixninebqhgcpgmgkmflvn
vrlqlj5569bqhgcpgmgkmflvn
76eighteight7
76887
8qkmnsjxbfhcpsvn4
8qkmnsjxbfhcpsvn4
oneninexqdseven4threefive
19xqd7435
rpcvmnng162fivesixseven
rpcvmnng162567
31628eightthree
3162883
83d6fsfqdghztwo7bmvrlh
83d6fsfqdghz27bmvrlh
gknfcdqlrs25
gknfcdqlrs25
9gkkth2ps
9gkkth2ps
bxnvsjxqleight9ninenine
bxnvsjxql8999
rsmcrqlnhsmjhspseven96vsckknrggbjd4tgtgbkxgvt
rsmcrqlnhsmjhsp796vsckknrggbjd4tgtgbkxgvt
8seveneightcxrh
878cxrh
tkmfour8fivevl9one
tkm485vl91
8mgrxk
8mgrxk
fourbgckqkeight6f
4bgckqk86f
threetwo3eight652pp
3238652pp
ninefivetwojbhglxfxzfctwo8
952jbhglxfxzfc28
jmjtcvpsxzdbkbqthree1qmgznpbzlthree4six1
jmjtcvpsxzdbkbq31qmgznpbzl3461
foursix5
465
6nbdzdlmqpdlgpcclc
6nbdzdlmqpdlgpcclc
24
24
pseven3threeeightseven
p73387
7nine7gjdksbtqrrdsr
797gjdksbtqrrdsr
5ppflb48tkcffone8six
5ppflb48tkcff186
five2two7hstbbqzrninegbtwo2
5227hstbbqzr9gb22
eightfblzpmhs4
8fblzpmhs4
fbbdeightzzsdffh8jbjzxkclj
fbbd8zzsdffh8jbjzxkclj
3nine6five1
39651
